
*** Running vivado
    with args -log fit_timer_0.vds -m64 -product Vivado -mode batch -messageDb vivado.pb -notrace -source fit_timer_0.tcl


****** Vivado v2018.2 (64-bit)
  **** SW Build 2258646 on Thu Jun 14 20:02:38 MDT 2018
  **** IP Build 2256618 on Thu Jun 14 22:10:49 MDT 2018
    ** Copyright 1986-2018 Xilinx, Inc. All Rights Reserved.

source fit_timer_0.tcl -notrace
Command: synth_design -top fit_timer_0 -part xc7a35ticsg324-1L -mode out_of_context
Starting synth_design
Attempting to get a license for feature 'Synthesis' and/or device 'xc7a35ti'
INFO: [Common 17-349] Got license for feature 'Synthesis' and/or device 'xc7a35ti'
INFO: Launching helper process for spawning children vivado processes
INFO: Helper process launched with PID 16015 
---------------------------------------------------------------------------------
Starting RTL Elaboration : Time (s): cpu = 00:00:02 ; elapsed = 00:00:02 . Memory (MB): peak = 1352.883 ; gain = 84.914 ; free physical = 1199 ; free virtual = 3797
---------------------------------------------------------------------------------
INFO: [Synth 8-638] synthesizing module 'fit_timer_0' [/home/rv/riscv/e300artydevkit/E300ArtyDevKitFPGAChip.srcs/sources_1/ip/fit_timer_0/synth/fit_timer_0.vhd:67]
	Parameter C_FAMILY bound to: artix7 - type: string 
	Parameter C_NO_CLOCKS bound to: 10086 - type: integer 
	Parameter C_INACCURACY bound to: 10 - type: integer 
	Parameter C_EXT_RESET_HIGH bound to: 1 - type: integer 
INFO: [Synth 8-3491] module 'FIT_timer' declared at '/home/rv/riscv/e300artydevkit/E300ArtyDevKitFPGAChip.srcs/sources_1/ip/fit_timer_0/hdl/fit_timer_v2_0_vh_rfs.vhd:399' bound to instance 'U0' of component 'fit_timer' [/home/rv/riscv/e300artydevkit/E300ArtyDevKitFPGAChip.srcs/sources_1/ip/fit_timer_0/synth/fit_timer_0.vhd:98]
INFO: [Synth 8-638] synthesizing module 'FIT_timer' [/home/rv/riscv/e300artydevkit/E300ArtyDevKitFPGAChip.srcs/sources_1/ip/fit_timer_0/hdl/fit_timer_v2_0_vh_rfs.vhd:422]
	Parameter C_FAMILY bound to: artix7 - type: string 
	Parameter C_NO_CLOCKS bound to: 10086 - type: integer 
	Parameter C_INACCURACY bound to: 10 - type: integer 
	Parameter C_EXT_RESET_HIGH bound to: 1 - type: integer 
	Parameter Ratio bound to: 6 - type: integer 
	Parameter First bound to: 1 - type: bool 
INFO: [Synth 8-3491] module 'Divide_part' declared at '/home/rv/riscv/e300artydevkit/E300ArtyDevKitFPGAChip.srcs/sources_1/ip/fit_timer_0/hdl/fit_timer_v2_0_vh_rfs.vhd:90' bound to instance 'Divide_I' of component 'Divide_Part' [/home/rv/riscv/e300artydevkit/E300ArtyDevKitFPGAChip.srcs/sources_1/ip/fit_timer_0/hdl/fit_timer_v2_0_vh_rfs.vhd:714]
INFO: [Synth 8-638] synthesizing module 'Divide_part' [/home/rv/riscv/e300artydevkit/E300ArtyDevKitFPGAChip.srcs/sources_1/ip/fit_timer_0/hdl/fit_timer_v2_0_vh_rfs.vhd:113]
	Parameter Ratio bound to: 6 - type: integer 
	Parameter First bound to: 1 - type: bool 
	Parameter INIT bound to: 16'b0000000000000001 
	Parameter IS_CLK_INVERTED bound to: 1'b0 
INFO: [Synth 8-113] binding component instance 'SRL16E_I' to cell 'SRL16E' [/home/rv/riscv/e300artydevkit/E300ArtyDevKitFPGAChip.srcs/sources_1/ip/fit_timer_0/hdl/fit_timer_v2_0_vh_rfs.vhd:137]
INFO: [Synth 8-256] done synthesizing module 'Divide_part' (1#1) [/home/rv/riscv/e300artydevkit/E300ArtyDevKitFPGAChip.srcs/sources_1/ip/fit_timer_0/hdl/fit_timer_v2_0_vh_rfs.vhd:113]
	Parameter Ratio bound to: 41 - type: integer 
	Parameter First bound to: 0 - type: bool 
INFO: [Synth 8-3491] module 'Divide_part' declared at '/home/rv/riscv/e300artydevkit/E300ArtyDevKitFPGAChip.srcs/sources_1/ip/fit_timer_0/hdl/fit_timer_v2_0_vh_rfs.vhd:90' bound to instance 'Divide_I' of component 'Divide_Part' [/home/rv/riscv/e300artydevkit/E300ArtyDevKitFPGAChip.srcs/sources_1/ip/fit_timer_0/hdl/fit_timer_v2_0_vh_rfs.vhd:714]
INFO: [Synth 8-638] synthesizing module 'Divide_part__parameterized0' [/home/rv/riscv/e300artydevkit/E300ArtyDevKitFPGAChip.srcs/sources_1/ip/fit_timer_0/hdl/fit_timer_v2_0_vh_rfs.vhd:113]
	Parameter Ratio bound to: 41 - type: integer 
	Parameter First bound to: 0 - type: bool 
	Parameter INIT bound to: 16'b0000000000000001 
	Parameter IS_CLK_INVERTED bound to: 1'b0 
INFO: [Synth 8-113] binding component instance 'SRLC16E_1' to cell 'SRLC16E' [/home/rv/riscv/e300artydevkit/E300ArtyDevKitFPGAChip.srcs/sources_1/ip/fit_timer_0/hdl/fit_timer_v2_0_vh_rfs.vhd:202]
	Parameter INIT bound to: 16'b0000000000000000 
	Parameter IS_CLK_INVERTED bound to: 1'b0 
INFO: [Synth 8-113] binding component instance 'SRLC16E_I' to cell 'SRLC16E' [/home/rv/riscv/e300artydevkit/E300ArtyDevKitFPGAChip.srcs/sources_1/ip/fit_timer_0/hdl/fit_timer_v2_0_vh_rfs.vhd:218]
	Parameter INIT bound to: 16'b0000000000000000 
	Parameter IS_CLK_INVERTED bound to: 1'b0 
INFO: [Synth 8-113] binding component instance 'SRL16E_n' to cell 'SRL16E' [/home/rv/riscv/e300artydevkit/E300ArtyDevKitFPGAChip.srcs/sources_1/ip/fit_timer_0/hdl/fit_timer_v2_0_vh_rfs.vhd:235]
INFO: [Synth 8-256] done synthesizing module 'Divide_part__parameterized0' (1#1) [/home/rv/riscv/e300artydevkit/E300ArtyDevKitFPGAChip.srcs/sources_1/ip/fit_timer_0/hdl/fit_timer_v2_0_vh_rfs.vhd:113]
	Parameter Ratio bound to: 41 - type: integer 
	Parameter First bound to: 0 - type: bool 
INFO: [Synth 8-3491] module 'Divide_part' declared at '/home/rv/riscv/e300artydevkit/E300ArtyDevKitFPGAChip.srcs/sources_1/ip/fit_timer_0/hdl/fit_timer_v2_0_vh_rfs.vhd:90' bound to instance 'Divide_I' of component 'Divide_Part' [/home/rv/riscv/e300artydevkit/E300ArtyDevKitFPGAChip.srcs/sources_1/ip/fit_timer_0/hdl/fit_timer_v2_0_vh_rfs.vhd:714]
INFO: [Synth 8-256] done synthesizing module 'FIT_timer' (2#1) [/home/rv/riscv/e300artydevkit/E300ArtyDevKitFPGAChip.srcs/sources_1/ip/fit_timer_0/hdl/fit_timer_v2_0_vh_rfs.vhd:422]
INFO: [Synth 8-256] done synthesizing module 'fit_timer_0' (3#1) [/home/rv/riscv/e300artydevkit/E300ArtyDevKitFPGAChip.srcs/sources_1/ip/fit_timer_0/synth/fit_timer_0.vhd:67]
---------------------------------------------------------------------------------
Finished RTL Elaboration : Time (s): cpu = 00:00:02 ; elapsed = 00:00:03 . Memory (MB): peak = 1396.508 ; gain = 128.539 ; free physical = 1206 ; free virtual = 3806
---------------------------------------------------------------------------------

Report Check Netlist: 
+------+------------------+-------+---------+-------+------------------+
|      |Item              |Errors |Warnings |Status |Description       |
+------+------------------+-------+---------+-------+------------------+
|1     |multi_driven_nets |      0|        0|Passed |Multi driven nets |
+------+------------------+-------+---------+-------+------------------+
---------------------------------------------------------------------------------
Start Handling Custom Attributes
---------------------------------------------------------------------------------
---------------------------------------------------------------------------------
Finished Handling Custom Attributes : Time (s): cpu = 00:00:03 ; elapsed = 00:00:03 . Memory (MB): peak = 1396.508 ; gain = 128.539 ; free physical = 1204 ; free virtual = 3805
---------------------------------------------------------------------------------
---------------------------------------------------------------------------------
Finished RTL Optimization Phase 1 : Time (s): cpu = 00:00:03 ; elapsed = 00:00:03 . Memory (MB): peak = 1396.508 ; gain = 128.539 ; free physical = 1204 ; free virtual = 3805
---------------------------------------------------------------------------------
INFO: [Device 21-403] Loading part xc7a35ticsg324-1L
INFO: [Project 1-570] Preparing netlist for logic optimization

Processing XDC Constraints
Initializing timing engine
Parsing XDC File [/home/rv/riscv/e300artydevkit/E300ArtyDevKitFPGAChip.srcs/sources_1/ip/fit_timer_0/fit_timer_0_ooc.xdc] for cell 'U0'
Finished Parsing XDC File [/home/rv/riscv/e300artydevkit/E300ArtyDevKitFPGAChip.srcs/sources_1/ip/fit_timer_0/fit_timer_0_ooc.xdc] for cell 'U0'
Parsing XDC File [/home/rv/riscv/e300artydevkit/E300ArtyDevKitFPGAChip.runs/fit_timer_0_synth_1/dont_touch.xdc]
Finished Parsing XDC File [/home/rv/riscv/e300artydevkit/E300ArtyDevKitFPGAChip.runs/fit_timer_0_synth_1/dont_touch.xdc]
Completed Processing XDC Constraints

INFO: [Project 1-111] Unisim Transformation Summary:
No Unisim elements were transformed.

Constraint Validation Runtime : Time (s): cpu = 00:00:00.01 ; elapsed = 00:00:00.02 . Memory (MB): peak = 1703.891 ; gain = 0.000 ; free physical = 958 ; free virtual = 3542
---------------------------------------------------------------------------------
Finished Constraint Validation : Time (s): cpu = 00:00:11 ; elapsed = 00:00:21 . Memory (MB): peak = 1703.891 ; gain = 435.922 ; free physical = 1035 ; free virtual = 3616
---------------------------------------------------------------------------------
---------------------------------------------------------------------------------
Start Loading Part and Timing Information
---------------------------------------------------------------------------------
Loading part: xc7a35ticsg324-1L
---------------------------------------------------------------------------------
Finished Loading Part and Timing Information : Time (s): cpu = 00:00:11 ; elapsed = 00:00:21 . Memory (MB): peak = 1703.891 ; gain = 435.922 ; free physical = 1035 ; free virtual = 3616
---------------------------------------------------------------------------------
---------------------------------------------------------------------------------
Start Applying 'set_property' XDC Constraints
---------------------------------------------------------------------------------
Applied set_property DONT_TOUCH = true for U0. (constraint file  /home/rv/riscv/e300artydevkit/E300ArtyDevKitFPGAChip.runs/fit_timer_0_synth_1/dont_touch.xdc, line 9).
---------------------------------------------------------------------------------
Finished applying 'set_property' XDC Constraints : Time (s): cpu = 00:00:11 ; elapsed = 00:00:21 . Memory (MB): peak = 1703.891 ; gain = 435.922 ; free physical = 1037 ; free virtual = 3618
---------------------------------------------------------------------------------
---------------------------------------------------------------------------------
Finished RTL Optimization Phase 2 : Time (s): cpu = 00:00:12 ; elapsed = 00:00:21 . Memory (MB): peak = 1703.891 ; gain = 435.922 ; free physical = 1036 ; free virtual = 3616
---------------------------------------------------------------------------------

Report RTL Partitions: 
+-+--------------+------------+----------+
| |RTL Partition |Replication |Instances |
+-+--------------+------------+----------+
+-+--------------+------------+----------+
---------------------------------------------------------------------------------
Start RTL Component Statistics 
---------------------------------------------------------------------------------
Detailed RTL Component Info : 
+---Registers : 
	                1 Bit    Registers := 7     
---------------------------------------------------------------------------------
Finished RTL Component Statistics 
---------------------------------------------------------------------------------
---------------------------------------------------------------------------------
Start RTL Hierarchical Component Statistics 
---------------------------------------------------------------------------------
Hierarchical RTL Component report 
Module Divide_part 
Detailed RTL Component Info : 
+---Registers : 
	                1 Bit    Registers := 1     
Module Divide_part__parameterized0 
Detailed RTL Component Info : 
+---Registers : 
	                1 Bit    Registers := 3     
---------------------------------------------------------------------------------
Finished RTL Hierarchical Component Statistics
---------------------------------------------------------------------------------
---------------------------------------------------------------------------------
Start Part Resource Summary
---------------------------------------------------------------------------------
Part Resources:
DSPs: 90 (col length:60)
BRAMs: 100 (col length: RAMB18 60 RAMB36 30)
---------------------------------------------------------------------------------
Finished Part Resource Summary
---------------------------------------------------------------------------------
---------------------------------------------------------------------------------
Start Cross Boundary and Area Optimization
---------------------------------------------------------------------------------
Warning: Parallel synthesis criteria is not met 
INFO: [Synth 8-4471] merging register 'Using_SRL16s.SRL16s[2].Divide_I/Rst_d1_reg' into 'Using_SRL16s.SRL16s[1].Divide_I/Rst_d1_reg' [/home/rv/riscv/e300artydevkit/E300ArtyDevKitFPGAChip.srcs/sources_1/ip/fit_timer_0/hdl/fit_timer_v2_0_vh_rfs.vhd:254]
INFO: [Synth 8-4471] merging register 'Using_SRL16s.SRL16s[3].Divide_I/Rst_d1_reg' into 'Using_SRL16s.SRL16s[1].Divide_I/Rst_d1_reg' [/home/rv/riscv/e300artydevkit/E300ArtyDevKitFPGAChip.srcs/sources_1/ip/fit_timer_0/hdl/fit_timer_v2_0_vh_rfs.vhd:254]
WARNING: [Synth 8-6014] Unused sequential element Using_SRL16s.SRL16s[2].Divide_I/Rst_d1_reg was removed.  [/home/rv/riscv/e300artydevkit/E300ArtyDevKitFPGAChip.srcs/sources_1/ip/fit_timer_0/hdl/fit_timer_v2_0_vh_rfs.vhd:254]
WARNING: [Synth 8-6014] Unused sequential element Using_SRL16s.SRL16s[3].Divide_I/Rst_d1_reg was removed.  [/home/rv/riscv/e300artydevkit/E300ArtyDevKitFPGAChip.srcs/sources_1/ip/fit_timer_0/hdl/fit_timer_v2_0_vh_rfs.vhd:254]
---------------------------------------------------------------------------------
Finished Cross Boundary and Area Optimization : Time (s): cpu = 00:00:12 ; elapsed = 00:00:21 . Memory (MB): peak = 1703.891 ; gain = 435.922 ; free physical = 1024 ; free virtual = 3600
---------------------------------------------------------------------------------

Report RTL Partitions: 
+-+--------------+------------+----------+
| |RTL Partition |Replication |Instances |
+-+--------------+------------+----------+
+-+--------------+------------+----------+
---------------------------------------------------------------------------------
Start Applying XDC Timing Constraints
---------------------------------------------------------------------------------
---------------------------------------------------------------------------------
Finished Applying XDC Timing Constraints : Time (s): cpu = 00:00:18 ; elapsed = 00:00:29 . Memory (MB): peak = 1703.891 ; gain = 435.922 ; free physical = 907 ; free virtual = 3477
---------------------------------------------------------------------------------
---------------------------------------------------------------------------------
Start Timing Optimization
---------------------------------------------------------------------------------
---------------------------------------------------------------------------------
Finished Timing Optimization : Time (s): cpu = 00:00:18 ; elapsed = 00:00:29 . Memory (MB): peak = 1703.891 ; gain = 435.922 ; free physical = 906 ; free virtual = 3476
---------------------------------------------------------------------------------

Report RTL Partitions: 
+-+--------------+------------+----------+
| |RTL Partition |Replication |Instances |
+-+--------------+------------+----------+
+-+--------------+------------+----------+
---------------------------------------------------------------------------------
Start Technology Mapping
---------------------------------------------------------------------------------
---------------------------------------------------------------------------------
Finished Technology Mapping : Time (s): cpu = 00:00:18 ; elapsed = 00:00:29 . Memory (MB): peak = 1703.891 ; gain = 435.922 ; free physical = 906 ; free virtual = 3476
---------------------------------------------------------------------------------

Report RTL Partitions: 
+-+--------------+------------+----------+
| |RTL Partition |Replication |Instances |
+-+--------------+------------+----------+
+-+--------------+------------+----------+
---------------------------------------------------------------------------------
Start IO Insertion
---------------------------------------------------------------------------------
---------------------------------------------------------------------------------
Start Flattening Before IO Insertion
---------------------------------------------------------------------------------
---------------------------------------------------------------------------------
Finished Flattening Before IO Insertion
---------------------------------------------------------------------------------
---------------------------------------------------------------------------------
Start Final Netlist Cleanup
---------------------------------------------------------------------------------
---------------------------------------------------------------------------------
Finished Final Netlist Cleanup
---------------------------------------------------------------------------------
---------------------------------------------------------------------------------
Finished IO Insertion : Time (s): cpu = 00:00:18 ; elapsed = 00:00:30 . Memory (MB): peak = 1703.891 ; gain = 435.922 ; free physical = 910 ; free virtual = 3481
---------------------------------------------------------------------------------

Report Check Netlist: 
+------+------------------+-------+---------+-------+------------------+
|      |Item              |Errors |Warnings |Status |Description       |
+------+------------------+-------+---------+-------+------------------+
|1     |multi_driven_nets |      0|        0|Passed |Multi driven nets |
+------+------------------+-------+---------+-------+------------------+
---------------------------------------------------------------------------------
Start Renaming Generated Instances
---------------------------------------------------------------------------------
---------------------------------------------------------------------------------
Finished Renaming Generated Instances : Time (s): cpu = 00:00:18 ; elapsed = 00:00:30 . Memory (MB): peak = 1703.891 ; gain = 435.922 ; free physical = 910 ; free virtual = 3481
---------------------------------------------------------------------------------

Report RTL Partitions: 
+-+--------------+------------+----------+
| |RTL Partition |Replication |Instances |
+-+--------------+------------+----------+
+-+--------------+------------+----------+
---------------------------------------------------------------------------------
Start Rebuilding User Hierarchy
---------------------------------------------------------------------------------
---------------------------------------------------------------------------------
Finished Rebuilding User Hierarchy : Time (s): cpu = 00:00:18 ; elapsed = 00:00:30 . Memory (MB): peak = 1703.891 ; gain = 435.922 ; free physical = 910 ; free virtual = 3481
---------------------------------------------------------------------------------
---------------------------------------------------------------------------------
Start Renaming Generated Ports
---------------------------------------------------------------------------------
---------------------------------------------------------------------------------
Finished Renaming Generated Ports : Time (s): cpu = 00:00:18 ; elapsed = 00:00:30 . Memory (MB): peak = 1703.891 ; gain = 435.922 ; free physical = 910 ; free virtual = 3481
---------------------------------------------------------------------------------
---------------------------------------------------------------------------------
Start Handling Custom Attributes
---------------------------------------------------------------------------------
---------------------------------------------------------------------------------
Finished Handling Custom Attributes : Time (s): cpu = 00:00:18 ; elapsed = 00:00:30 . Memory (MB): peak = 1703.891 ; gain = 435.922 ; free physical = 910 ; free virtual = 3481
---------------------------------------------------------------------------------
---------------------------------------------------------------------------------
Start Renaming Generated Nets
---------------------------------------------------------------------------------
---------------------------------------------------------------------------------
Finished Renaming Generated Nets : Time (s): cpu = 00:00:18 ; elapsed = 00:00:30 . Memory (MB): peak = 1703.891 ; gain = 435.922 ; free physical = 910 ; free virtual = 3481
---------------------------------------------------------------------------------
---------------------------------------------------------------------------------
Start Writing Synthesis Report
---------------------------------------------------------------------------------

Report BlackBoxes: 
+-+--------------+----------+
| |BlackBox name |Instances |
+-+--------------+----------+
+-+--------------+----------+

Report Cell Usage: 
+------+--------+------+
|      |Cell    |Count |
+------+--------+------+
|1     |LUT2    |     6|
|2     |LUT3    |     6|
|3     |LUT4    |     1|
|4     |SRL16E  |     3|
|5     |SRLC16E |     4|
|6     |FDRE    |     5|
+------+--------+------+

Report Instance Areas: 
+------+--------------------------------------+------------------------------+------+
|      |Instance                              |Module                        |Cells |
+------+--------------------------------------+------------------------------+------+
|1     |top                                   |                              |    25|
|2     |  U0                                  |FIT_timer                     |    25|
|3     |    \Using_SRL16s.SRL16s[1].Divide_I  |Divide_part                   |     6|
|4     |    \Using_SRL16s.SRL16s[2].Divide_I  |Divide_part__parameterized0   |    10|
|5     |    \Using_SRL16s.SRL16s[3].Divide_I  |Divide_part__parameterized0_0 |     9|
+------+--------------------------------------+------------------------------+------+
---------------------------------------------------------------------------------
Finished Writing Synthesis Report : Time (s): cpu = 00:00:18 ; elapsed = 00:00:30 . Memory (MB): peak = 1703.891 ; gain = 435.922 ; free physical = 910 ; free virtual = 3481
---------------------------------------------------------------------------------
Synthesis finished with 0 errors, 0 critical warnings and 2 warnings.
Synthesis Optimization Runtime : Time (s): cpu = 00:00:11 ; elapsed = 00:00:15 . Memory (MB): peak = 1703.891 ; gain = 128.539 ; free physical = 960 ; free virtual = 3531
Synthesis Optimization Complete : Time (s): cpu = 00:00:18 ; elapsed = 00:00:30 . Memory (MB): peak = 1703.898 ; gain = 435.922 ; free physical = 960 ; free virtual = 3531
INFO: [Project 1-571] Translating synthesized netlist
INFO: [Project 1-570] Preparing netlist for logic optimization
INFO: [Opt 31-138] Pushed 0 inverter(s) to 0 load pin(s).
INFO: [Project 1-111] Unisim Transformation Summary:
No Unisim elements were transformed.

INFO: [Common 17-83] Releasing license: Synthesis
27 Infos, 2 Warnings, 0 Critical Warnings and 0 Errors encountered.
synth_design completed successfully
synth_design: Time (s): cpu = 00:00:20 ; elapsed = 00:00:31 . Memory (MB): peak = 1703.898 ; gain = 447.469 ; free physical = 949 ; free virtual = 3521
WARNING: [Constraints 18-5210] No constraint will be written out.
INFO: [Common 17-1381] The checkpoint '/home/rv/riscv/e300artydevkit/E300ArtyDevKitFPGAChip.runs/fit_timer_0_synth_1/fit_timer_0.dcp' has been generated.
