INFO: [VRFC 10-2263] Analyzing Verilog file "/home/rv/riscv/e300artydevkit/obj/ip/mmcm/mmcm_clk_wiz.v" into library xil_defaultlib
INFO: [VRFC 10-311] analyzing module mmcm_clk_wiz
INFO: [VRFC 10-2263] Analyzing Verilog file "/home/rv/riscv/e300artydevkit/obj/ip/mmcm/mmcm.v" into library xil_defaultlib
INFO: [VRFC 10-311] analyzing module mmcm
INFO: [VRFC 10-2263] Analyzing Verilog file "/home/rv/riscv/e300artydevkit/sifive.freedom.everywhere.e300artydevkit.E300ArtyDevKitConfig.rom.v" into library xil_defaultlib
INFO: [VRFC 10-311] analyzing module BootROM
INFO: [VRFC 10-2263] Analyzing Verilog file "/home/rv/riscv/e300artydevkit/sifive.freedom.everywhere.e300artydevkit.E300ArtyDevKitConfig.v" into library xil_defaultlib
INFO: [VRFC 10-311] analyzing module IntXbar
INFO: [VRFC 10-311] analyzing module TLMonitor
INFO: [VRFC 10-311] analyzing module TLXbar
INFO: [VRFC 10-311] analyzing module TLMonitor_1
INFO: [VRFC 10-311] analyzing module TLXbar_1
INFO: [VRFC 10-311] analyzing module TLMonitor_2
INFO: [VRFC 10-311] analyzing module TLXbar_2
INFO: [VRFC 10-311] analyzing module TLMonitor_3
INFO: [VRFC 10-311] analyzing module Queue
INFO: [VRFC 10-311] analyzing module Queue_1
INFO: [VRFC 10-311] analyzing module TLBuffer
INFO: [VRFC 10-311] analyzing module TLMonitor_4
INFO: [VRFC 10-311] analyzing module TLAtomicAutomata
INFO: [VRFC 10-311] analyzing module TLMonitor_5
INFO: [VRFC 10-311] analyzing module TLBuffer_1
INFO: [VRFC 10-311] analyzing module TLMonitor_6
INFO: [VRFC 10-311] analyzing module TLWidthWidget
INFO: [VRFC 10-311] analyzing module SimpleLazyModule_1
INFO: [VRFC 10-311] analyzing module TLMonitor_7
INFO: [VRFC 10-311] analyzing module Repeater
INFO: [VRFC 10-311] analyzing module TLFragmenter
INFO: [VRFC 10-311] analyzing module TLMonitor_8
INFO: [VRFC 10-311] analyzing module TLBuffer_2
INFO: [VRFC 10-311] analyzing module SimpleLazyModule_2
INFO: [VRFC 10-311] analyzing module TLMonitor_9
INFO: [VRFC 10-311] analyzing module Repeater_1
INFO: [VRFC 10-311] analyzing module TLFragmenter_1
INFO: [VRFC 10-311] analyzing module TLMonitor_10
INFO: [VRFC 10-311] analyzing module TLBuffer_3
INFO: [VRFC 10-311] analyzing module SimpleLazyModule_3
INFO: [VRFC 10-311] analyzing module TLMonitor_11
INFO: [VRFC 10-311] analyzing module Repeater_2
INFO: [VRFC 10-311] analyzing module TLFragmenter_2
INFO: [VRFC 10-311] analyzing module TLMonitor_12
INFO: [VRFC 10-311] analyzing module TLBuffer_4
INFO: [VRFC 10-311] analyzing module SimpleLazyModule_4
INFO: [VRFC 10-311] analyzing module TLMonitor_13
INFO: [VRFC 10-311] analyzing module TLBuffer_5
INFO: [VRFC 10-311] analyzing module SimpleLazyModule_5
INFO: [VRFC 10-311] analyzing module TLMonitor_14
INFO: [VRFC 10-311] analyzing module Repeater_3
INFO: [VRFC 10-311] analyzing module TLFragmenter_3
INFO: [VRFC 10-311] analyzing module TLMonitor_15
INFO: [VRFC 10-311] analyzing module TLWidthWidget_1
INFO: [VRFC 10-311] analyzing module TLMonitor_16
INFO: [VRFC 10-311] analyzing module TLBuffer_6
INFO: [VRFC 10-311] analyzing module SimpleLazyModule_6
INFO: [VRFC 10-311] analyzing module TLMonitor_17
INFO: [VRFC 10-311] analyzing module AsyncResetRegVec_w1_i0
INFO: [VRFC 10-311] analyzing module AsyncResetSynchronizerShiftReg_w1_d3_i0
INFO: [VRFC 10-311] analyzing module AsyncResetSynchronizerShiftReg_w1_d4_i0
INFO: [VRFC 10-311] analyzing module AsyncValidSync
INFO: [VRFC 10-311] analyzing module AsyncResetSynchronizerShiftReg_w1_d1_i0
INFO: [VRFC 10-311] analyzing module AsyncValidSync_1
INFO: [VRFC 10-311] analyzing module AsyncValidSync_2
INFO: [VRFC 10-311] analyzing module AsyncQueueSource
INFO: [VRFC 10-311] analyzing module SynchronizerShiftReg_w48_d1
INFO: [VRFC 10-311] analyzing module AsyncQueueSink
INFO: [VRFC 10-311] analyzing module TLAsyncCrossingSource
INFO: [VRFC 10-311] analyzing module TLMonitor_18
INFO: [VRFC 10-311] analyzing module Repeater_4
INFO: [VRFC 10-311] analyzing module TLFragmenter_4
INFO: [VRFC 10-311] analyzing module TLMonitor_19
INFO: [VRFC 10-311] analyzing module TLBuffer_7
INFO: [VRFC 10-311] analyzing module SimpleLazyModule_7
INFO: [VRFC 10-311] analyzing module PeripheryBus
INFO: [VRFC 10-311] analyzing module TLMonitor_20
INFO: [VRFC 10-311] analyzing module TLFIFOFixer
INFO: [VRFC 10-311] analyzing module TLMonitor_21
INFO: [VRFC 10-311] analyzing module TLWidthWidget_2
INFO: [VRFC 10-311] analyzing module TLMonitor_22
INFO: [VRFC 10-311] analyzing module TLBuffer_8
INFO: [VRFC 10-311] analyzing module SimpleLazyModule_8
INFO: [VRFC 10-311] analyzing module TLMonitor_23
INFO: [VRFC 10-311] analyzing module TLSplitter
INFO: [VRFC 10-311] analyzing module TLMonitor_24
INFO: [VRFC 10-311] analyzing module TLBuffer_9
INFO: [VRFC 10-311] analyzing module TLMonitor_25
INFO: [VRFC 10-311] analyzing module TLFIFOFixer_1
INFO: [VRFC 10-311] analyzing module SimpleLazyModule_10
INFO: [VRFC 10-311] analyzing module SystemBus
INFO: [VRFC 10-311] analyzing module TLMonitor_26
INFO: [VRFC 10-311] analyzing module TLXbar_3
INFO: [VRFC 10-311] analyzing module TLMonitor_27
INFO: [VRFC 10-311] analyzing module TLXbar_4
INFO: [VRFC 10-311] analyzing module TLMonitor_28
INFO: [VRFC 10-311] analyzing module Queue_2
INFO: [VRFC 10-311] analyzing module TLBuffer_10
INFO: [VRFC 10-311] analyzing module TLMonitor_29
INFO: [VRFC 10-311] analyzing module TLAtomicAutomata_1
INFO: [VRFC 10-311] analyzing module TLMonitor_30
INFO: [VRFC 10-311] analyzing module Queue_4
INFO: [VRFC 10-311] analyzing module TLError
INFO: [VRFC 10-311] analyzing module SimpleLazyModule_11
INFO: [VRFC 10-311] analyzing module TLMonitor_31
INFO: [VRFC 10-311] analyzing module TLBuffer_11
INFO: [VRFC 10-311] analyzing module TLMonitor_32
INFO: [VRFC 10-311] analyzing module TLFragmenter_5
INFO: [VRFC 10-311] analyzing module SimpleLazyModule_13
INFO: [VRFC 10-311] analyzing module TLMonitor_33
INFO: [VRFC 10-311] analyzing module TLFragmenter_6
INFO: [VRFC 10-311] analyzing module SimpleLazyModule_14
INFO: [VRFC 10-311] analyzing module TLMonitor_34
INFO: [VRFC 10-311] analyzing module TLFragmenter_7
INFO: [VRFC 10-311] analyzing module SimpleLazyModule_15
INFO: [VRFC 10-311] analyzing module TLMonitor_35
INFO: [VRFC 10-311] analyzing module Repeater_8
INFO: [VRFC 10-311] analyzing module TLFragmenter_8
INFO: [VRFC 10-311] analyzing module TLMonitor_36
INFO: [VRFC 10-311] analyzing module Queue_7
INFO: [VRFC 10-311] analyzing module TLBuffer_12
INFO: [VRFC 10-311] analyzing module TLMonitor_37
INFO: [VRFC 10-311] analyzing module Repeater_9
INFO: [VRFC 10-311] analyzing module TLWidthWidget_3
INFO: [VRFC 10-311] analyzing module SimpleLazyModule_16
INFO: [VRFC 10-311] analyzing module TLMonitor_38
INFO: [VRFC 10-311] analyzing module TLFragmenter_9
INFO: [VRFC 10-311] analyzing module SimpleLazyModule_17
INFO: [VRFC 10-311] analyzing module TLMonitor_39
INFO: [VRFC 10-311] analyzing module TLFragmenter_10
INFO: [VRFC 10-311] analyzing module SimpleLazyModule_18
INFO: [VRFC 10-311] analyzing module TLMonitor_40
INFO: [VRFC 10-311] analyzing module TLFragmenter_11
INFO: [VRFC 10-311] analyzing module SimpleLazyModule_19
INFO: [VRFC 10-311] analyzing module TLMonitor_41
INFO: [VRFC 10-311] analyzing module TLFragmenter_12
INFO: [VRFC 10-311] analyzing module SimpleLazyModule_20
INFO: [VRFC 10-311] analyzing module TLMonitor_42
INFO: [VRFC 10-311] analyzing module TLFragmenter_13
INFO: [VRFC 10-311] analyzing module SimpleLazyModule_21
INFO: [VRFC 10-311] analyzing module TLMonitor_43
INFO: [VRFC 10-311] analyzing module TLFragmenter_14
INFO: [VRFC 10-311] analyzing module SimpleLazyModule_22
INFO: [VRFC 10-311] analyzing module TLMonitor_44
INFO: [VRFC 10-311] analyzing module TLFragmenter_15
INFO: [VRFC 10-311] analyzing module SimpleLazyModule_23
INFO: [VRFC 10-311] analyzing module PeripheryBus_1
INFO: [VRFC 10-311] analyzing module TLMonitor_45
INFO: [VRFC 10-311] analyzing module LevelGateway
INFO: [VRFC 10-311] analyzing module PLICFanIn
INFO: [VRFC 10-311] analyzing module Queue_8
INFO: [VRFC 10-311] analyzing module TLPLIC
INFO: [VRFC 10-311] analyzing module TLMonitor_46
INFO: [VRFC 10-311] analyzing module CLINT
INFO: [VRFC 10-311] analyzing module DMIToTL
INFO: [VRFC 10-311] analyzing module TLMonitor_47
INFO: [VRFC 10-311] analyzing module TLXbar_7
INFO: [VRFC 10-311] analyzing module TLMonitor_48
INFO: [VRFC 10-311] analyzing module AsyncResetRegVec_w32_i0
INFO: [VRFC 10-311] analyzing module TLDebugModuleOuter
INFO: [VRFC 10-311] analyzing module IntSyncCrossingSource
INFO: [VRFC 10-311] analyzing module TLMonitor_49
INFO: [VRFC 10-311] analyzing module AsyncQueueSource_1
INFO: [VRFC 10-311] analyzing module SynchronizerShiftReg_w43_d1
INFO: [VRFC 10-311] analyzing module AsyncQueueSink_1
INFO: [VRFC 10-311] analyzing module TLAsyncCrossingSource_1
INFO: [VRFC 10-311] analyzing module AsyncQueueSource_2
INFO: [VRFC 10-311] analyzing module TLDebugModuleOuterAsync
INFO: [VRFC 10-311] analyzing module TLMonitor_50
INFO: [VRFC 10-311] analyzing module TLMonitor_51
INFO: [VRFC 10-311] analyzing module TLDebugModuleInner
INFO: [VRFC 10-311] analyzing module SynchronizerShiftReg_w55_d1
INFO: [VRFC 10-311] analyzing module AsyncQueueSink_2
INFO: [VRFC 10-311] analyzing module AsyncQueueSource_3
INFO: [VRFC 10-311] analyzing module TLAsyncCrossingSink
INFO: [VRFC 10-311] analyzing module SynchronizerShiftReg_w12_d1
INFO: [VRFC 10-311] analyzing module AsyncQueueSink_3
INFO: [VRFC 10-311] analyzing module ResetCatchAndSync_d3
INFO: [VRFC 10-311] analyzing module TLDebugModuleInnerAsync
INFO: [VRFC 10-311] analyzing module TLDebugModule
INFO: [VRFC 10-311] analyzing module TLMonitor_52
INFO: [VRFC 10-311] analyzing module TLMonitor_53
INFO: [VRFC 10-311] analyzing module TLXbar_8
INFO: [VRFC 10-311] analyzing module TLXbar_9
INFO: [VRFC 10-311] analyzing module IntXbar_1
INFO: [VRFC 10-311] analyzing module Arbiter
INFO: [VRFC 10-311] analyzing module DCacheDataArray
INFO: [VRFC 10-311] analyzing module Arbiter_1
INFO: [VRFC 10-311] analyzing module PMPChecker
INFO: [VRFC 10-311] analyzing module TLB
INFO: [VRFC 10-311] analyzing module AMOALU
INFO: [VRFC 10-311] analyzing module DCache
INFO: [VRFC 10-311] analyzing module ICache
INFO: [VRFC 10-311] analyzing module ShiftQueue
INFO: [VRFC 10-311] analyzing module TLB_1
INFO: [VRFC 10-311] analyzing module Frontend
INFO: [VRFC 10-311] analyzing module ScratchpadSlavePort
INFO: [VRFC 10-311] analyzing module Repeater_17
INFO: [VRFC 10-311] analyzing module TLFragmenter_17
INFO: [VRFC 10-311] analyzing module TLMonitor_54
INFO: [VRFC 10-311] analyzing module TLBuffer_15
INFO: [VRFC 10-311] analyzing module Queue_11
INFO: [VRFC 10-311] analyzing module Queue_12
INFO: [VRFC 10-311] analyzing module TLBuffer_16
INFO: [VRFC 10-311] analyzing module SynchronizerShiftReg_w1_d3
INFO: [VRFC 10-311] analyzing module IntSyncCrossingSink
INFO: [VRFC 10-311] analyzing module IntSyncCrossingSink_1
INFO: [VRFC 10-311] analyzing module IntSyncCrossingSink_2
INFO: [VRFC 10-311] analyzing module HellaCacheArbiter
INFO: [VRFC 10-311] analyzing module PTW
INFO: [VRFC 10-311] analyzing module RVCExpander
INFO: [VRFC 10-311] analyzing module IBuf
INFO: [VRFC 10-311] analyzing module CSRFile
INFO: [VRFC 10-311] analyzing module BreakpointUnit
INFO: [VRFC 10-311] analyzing module ALU
INFO: [VRFC 10-311] analyzing module ADDU
INFO: [VRFC 10-311] analyzing module MulDiv
INFO: [VRFC 10-311] analyzing module PlusArgTimeout
INFO: [VRFC 10-311] analyzing module Rocket
INFO: [VRFC 10-311] analyzing module RocketTile
INFO: [VRFC 10-311] analyzing module AsyncResetRegVec_w2_i0
INFO: [VRFC 10-311] analyzing module IntSyncCrossingSource_2
INFO: [VRFC 10-311] analyzing module IntSyncCrossingSource_3
INFO: [VRFC 10-311] analyzing module TLMonitor_55
INFO: [VRFC 10-311] analyzing module TLMaskROM
INFO: [VRFC 10-311] analyzing module TLMonitor_56
INFO: [VRFC 10-311] analyzing module RTC
INFO: [VRFC 10-311] analyzing module PMUCore
INFO: [VRFC 10-311] analyzing module AsyncResetRegVec_w5_i0
INFO: [VRFC 10-311] analyzing module PMU
INFO: [VRFC 10-311] analyzing module WatchdogTimer
INFO: [VRFC 10-311] analyzing module Queue_15
INFO: [VRFC 10-311] analyzing module TLMockAON
INFO: [VRFC 10-311] analyzing module IsoZero
INFO: [VRFC 10-311] analyzing module TLIsolation
INFO: [VRFC 10-311] analyzing module SynchronizerShiftReg_w80_d1
INFO: [VRFC 10-311] analyzing module AsyncQueueSink_4
INFO: [VRFC 10-311] analyzing module AsyncQueueSource_4
INFO: [VRFC 10-311] analyzing module TLAsyncCrossingSink_1
INFO: [VRFC 10-311] analyzing module IntSyncCrossingSource_4
INFO: [VRFC 10-311] analyzing module DeglitchShiftRegister
INFO: [VRFC 10-311] analyzing module MockAONWrapper
INFO: [VRFC 10-311] analyzing module SynchronizerShiftReg_w2_d3
INFO: [VRFC 10-311] analyzing module IntSyncCrossingSink_4
INFO: [VRFC 10-311] analyzing module IntXing
INFO: [VRFC 10-311] analyzing module TLMonitor_57
INFO: [VRFC 10-311] analyzing module TLBuffer_17
INFO: [VRFC 10-311] analyzing module TLMonitor_58
INFO: [VRFC 10-311] analyzing module UARTTx
INFO: [VRFC 10-311] analyzing module Queue_16
INFO: [VRFC 10-311] analyzing module UARTRx
INFO: [VRFC 10-311] analyzing module TLUART
INFO: [VRFC 10-311] analyzing module TLMonitor_59
INFO: [VRFC 10-311] analyzing module TLBuffer_18
INFO: [VRFC 10-311] analyzing module TLMonitor_60
INFO: [VRFC 10-311] analyzing module TLUART_1
INFO: [VRFC 10-311] analyzing module TLMonitor_61
INFO: [VRFC 10-311] analyzing module TLBuffer_19
INFO: [VRFC 10-311] analyzing module TLMonitor_62
INFO: [VRFC 10-311] analyzing module TLBuffer_20
INFO: [VRFC 10-311] analyzing module TLMonitor_63
INFO: [VRFC 10-311] analyzing module TLMonitor_64
INFO: [VRFC 10-311] analyzing module SPIFIFO
INFO: [VRFC 10-311] analyzing module SPIPhysical
INFO: [VRFC 10-311] analyzing module SPIMedia
INFO: [VRFC 10-311] analyzing module SPIFlashMap
INFO: [VRFC 10-311] analyzing module SPIArbiter
INFO: [VRFC 10-311] analyzing module TLSPIFlash
INFO: [VRFC 10-311] analyzing module TLMonitor_65
INFO: [VRFC 10-311] analyzing module TLBuffer_21
INFO: [VRFC 10-311] analyzing module TLMonitor_66
INFO: [VRFC 10-311] analyzing module SPIPhysical_1
INFO: [VRFC 10-311] analyzing module SPIMedia_1
INFO: [VRFC 10-311] analyzing module TLSPI
INFO: [VRFC 10-311] analyzing module TLMonitor_67
INFO: [VRFC 10-311] analyzing module TLBuffer_22
INFO: [VRFC 10-311] analyzing module TLMonitor_68
INFO: [VRFC 10-311] analyzing module TLSPI_1
INFO: [VRFC 10-311] analyzing module SynchronizerShiftReg_w32_d3
INFO: [VRFC 10-311] analyzing module IntXing_5
INFO: [VRFC 10-311] analyzing module TLMonitor_69
INFO: [VRFC 10-311] analyzing module TLBuffer_23
INFO: [VRFC 10-311] analyzing module IntSyncCrossingSource_10
INFO: [VRFC 10-311] analyzing module TLMonitor_70
INFO: [VRFC 10-311] analyzing module TLGPIO
INFO: [VRFC 10-311] analyzing module IntSyncCrossingSink_10
INFO: [VRFC 10-311] analyzing module SynchronizerShiftReg_w4_d3
INFO: [VRFC 10-311] analyzing module IntXing_6
INFO: [VRFC 10-311] analyzing module TLMonitor_71
INFO: [VRFC 10-311] analyzing module TLBuffer_24
INFO: [VRFC 10-311] analyzing module AsyncResetRegVec_w4_i0
INFO: [VRFC 10-311] analyzing module IntSyncCrossingSource_11
INFO: [VRFC 10-311] analyzing module TLMonitor_72
INFO: [VRFC 10-311] analyzing module PWMTimer
INFO: [VRFC 10-311] analyzing module TLPWM
INFO: [VRFC 10-311] analyzing module IntSyncCrossingSink_11
INFO: [VRFC 10-311] analyzing module TLMonitor_73
INFO: [VRFC 10-311] analyzing module TLBuffer_25
INFO: [VRFC 10-311] analyzing module TLMonitor_74
INFO: [VRFC 10-311] analyzing module PWMTimer_1
INFO: [VRFC 10-311] analyzing module TLPWM_1
INFO: [VRFC 10-311] analyzing module TLMonitor_75
INFO: [VRFC 10-311] analyzing module TLBuffer_26
INFO: [VRFC 10-311] analyzing module TLMonitor_76
INFO: [VRFC 10-311] analyzing module TLPWM_2
INFO: [VRFC 10-311] analyzing module TLMonitor_77
INFO: [VRFC 10-311] analyzing module TLBuffer_27
INFO: [VRFC 10-311] analyzing module TLMonitor_78
INFO: [VRFC 10-311] analyzing module TLI2C
INFO: [VRFC 10-311] analyzing module CaptureUpdateChain
INFO: [VRFC 10-311] analyzing module CaptureUpdateChain_1
INFO: [VRFC 10-311] analyzing module CaptureChain
INFO: [VRFC 10-311] analyzing module AsyncResetRegVec_w4_i15
INFO: [VRFC 10-311] analyzing module JtagStateMachine
INFO: [VRFC 10-311] analyzing module CaptureUpdateChain_2
INFO: [VRFC 10-311] analyzing module JtagTapController
INFO: [VRFC 10-311] analyzing module JtagBypassChain
INFO: [VRFC 10-311] analyzing module DebugTransportModuleJTAG
INFO: [VRFC 10-311] analyzing module E300ArtyDevKitSystem
INFO: [VRFC 10-311] analyzing module AsyncResetSynchronizerShiftReg_w1_d20_i0
INFO: [VRFC 10-311] analyzing module ResetCatchAndSync_d20
INFO: [VRFC 10-311] analyzing module SyncResetSynchronizerShiftReg_w1_d0_i1
INFO: [VRFC 10-311] analyzing module E300ArtyDevKitPlatform
INFO: [VRFC 10-311] analyzing module E300ArtyDevKitFPGAChip
INFO: [VRFC 10-2263] Analyzing Verilog file "/home/rv/riscv/e300artydevkit/E300ArtyDevKitFPGAChip.sim/sim_1/behav/xsim/glbl.v" into library xil_defaultlib
INFO: [VRFC 10-311] analyzing module glbl
INFO: [VRFC 10-163] Analyzing VHDL file "/home/rv/riscv/e300artydevkit/obj/ip/reset_sys/sim/reset_sys.vhd" into library xil_defaultlib
INFO: [VRFC 10-307] analyzing entity reset_sys
